[2026-02-02--00-54-19 INFO actix_server::builder] starting 5 workers
[2026-02-02--00-54-19 INFO actix_server::server] Tokio runtime found; starting in existing Tokio runtime
[2026-02-02--00-54-19 INFO actix_server::server] starting service: "actix-web-service-127.0.0.1:18488", workers: 5, listening on: 127.0.0.1:18488
[2026-02-02--00-54-19 INFO parity_ws] Listening for new connections on 127.0.0.1:8900.
[2026-02-02--00-54-21 INFO txtx::svm::deploy_program] [Recovery Instructions] - An ephemeral authority account will be created and funded to write to the buffer account.
[2026-02-02--00-54-21 INFO txtx::svm::deploy_program] [Recovery Instructions] - Please save the following information in case the deployment fails and the account needs to be recovered:
[2026-02-02--00-54-21 INFO txtx::svm::deploy_program] [Recovery Instructions] - Ephemeral authority public key: CTaBYi6YKc4bxNGw19YwgERn1FEDU1wfWS4n8isgV28g
[2026-02-02--00-54-21 INFO txtx::svm::deploy_program] [Recovery Instructions] - Ephemeral authority secret key: [214, 93, 172, 100, 108, 18, 223, 227, 242, 231, 74, 133, 153, 85, 188, 140, 79, 62, 164, 182, 145, 223, 160, 41, 235, 101, 71, 188, 62, 103, 100, 0, 170, 63, 45, 17, 182, 89, 80, 237, 231, 221, 191, 175, 219, 231, 88, 52, 111, 35, 210, 123, 207, 3, 115, 231, 226, 66, 8, 222, 45, 178, 242, 177]
[2026-02-02--00-54-22 INFO txtx::svm::deploy_program] Account Created - Ephemeral authority account created and funded to write to buffer
[2026-02-02--00-54-22 INFO txtx::svm::deploy_program] [Recovery Instructions] - Creating program buffer account at pubkey EdD6tC4EL7ugjDvTAD4chXbu6HWv9qTDgPBW9baYxY8g
[2026-02-02--00-54-22 INFO txtx::svm::deploy_program] Account Created - Program buffer account created
[2026-02-02--00-54-25 INFO txtx::svm::deploy_program] Buffer Ready - Writing to buffer account is complete
[2026-02-02--00-54-26 INFO txtx::svm::deploy_program] Program Created - Program Bm4WJQ8MeaR2U5NTFNqQNnSqZqVTUe6Z8LccPEvTSRom has been deployed
[2026-02-02--00-54-27 INFO txtx::svm::deploy_program] Complete - Ephemeral authority account closed and leftover funds returned to payer
[2026-02-02--00-54-55 INFO parity_ws::io] Accepted a new tcp connection from 127.0.0.1:54313.
[2026-02-01--19-25-05 ERROR hyper::server::tcp] accept error: Too many open files (os error 24)
[2026-02-01--19-25-08 ERROR hyper::server::tcp] accept error: Too many open files (os error 24)
[2026-02-01--19-25-10 ERROR hyper::server::tcp] accept error: Too many open files (os error 24)
[2026-02-01--19-25-14 ERROR hyper::server::tcp] accept error: Too many open files (os error 24)
[2026-02-01--19-25-15 ERROR hyper::server::tcp] accept error: Too many open files (os error 24)
[2026-02-01--19-25-16 ERROR hyper::server::tcp] accept error: Too many open files (os error 24)
[2026-02-01--19-25-17 ERROR hyper::server::tcp] accept error: Too many open files (os error 24)
[2026-02-01--19-25-18 ERROR hyper::server::tcp] accept error: Too many open files (os error 24)
[2026-02-01--19-25-19 ERROR hyper::server::tcp] accept error: Too many open files (os error 24)
[2026-02-02--00-55-20 ERROR hyper::server::tcp] accept error: Too many open files (os error 24)
[2026-02-01--19-25-21 ERROR hyper::server::tcp] accept error: Too many open files (os error 24)
[2026-02-01--19-25-22 ERROR hyper::server::tcp] accept error: Too many open files (os error 24)
[2026-02-01--19-25-23 ERROR hyper::server::tcp] accept error: Too many open files (os error 24)
[2026-02-01--19-25-24 ERROR hyper::server::tcp] accept error: Too many open files (os error 24)
[2026-02-01--19-25-25 ERROR hyper::server::tcp] accept error: Too many open files (os error 24)
[2026-02-01--19-25-26 ERROR hyper::server::tcp] accept error: Too many open files (os error 24)
[2026-02-02--00-55-27 ERROR hyper::server::tcp] accept error: Too many open files (os error 24)
[2026-02-01--19-25-28 ERROR hyper::server::tcp] accept error: Too many open files (os error 24)
[2026-02-01--19-25-29 ERROR hyper::server::tcp] accept error: Too many open files (os error 24)
[2026-02-01--19-25-30 ERROR hyper::server::tcp] accept error: Too many open files (os error 24)
[2026-02-02--00-55-31 ERROR hyper::server::tcp] accept error: Too many open files (os error 24)
[2026-02-01--19-25-32 ERROR hyper::server::tcp] accept error: Too many open files (os error 24)
[2026-02-01--19-25-33 ERROR hyper::server::tcp] accept error: Too many open files (os error 24)
[2026-02-01--19-25-34 ERROR hyper::server::tcp] accept error: Too many open files (os error 24)
[2026-02-01--19-25-35 ERROR hyper::server::tcp] accept error: Too many open files (os error 24)
[2026-02-02--00-55-36 ERROR hyper::server::tcp] accept error: Too many open files (os error 24)
[2026-02-02--00-55-37 ERROR hyper::server::tcp] accept error: Too many open files (os error 24)
[2026-02-01--19-25-38 ERROR hyper::server::tcp] accept error: Too many open files (os error 24)
[2026-02-02--00-55-39 ERROR hyper::server::tcp] accept error: Too many open files (os error 24)
[2026-02-01--19-25-40 ERROR hyper::server::tcp] accept error: Too many open files (os error 24)
[2026-02-01--19-25-41 ERROR hyper::server::tcp] accept error: Too many open files (os error 24)
[2026-02-01--19-25-42 ERROR hyper::server::tcp] accept error: Too many open files (os error 24)
[2026-02-01--19-25-43 ERROR hyper::server::tcp] accept error: Too many open files (os error 24)
[2026-02-01--19-25-44 ERROR hyper::server::tcp] accept error: Too many open files (os error 24)
[2026-02-01--19-25-45 ERROR hyper::server::tcp] accept error: Too many open files (os error 24)
[2026-02-01--19-25-46 ERROR hyper::server::tcp] accept error: Too many open files (os error 24)
[2026-02-01--19-25-47 ERROR hyper::server::tcp] accept error: Too many open files (os error 24)
[2026-02-01--19-25-48 ERROR hyper::server::tcp] accept error: Too many open files (os error 24)
[2026-02-01--19-25-49 ERROR hyper::server::tcp] accept error: Too many open files (os error 24)
[2026-02-01--19-25-50 ERROR hyper::server::tcp] accept error: Too many open files (os error 24)
[2026-02-01--19-25-51 ERROR hyper::server::tcp] accept error: Too many open files (os error 24)
[2026-02-01--19-25-52 ERROR hyper::server::tcp] accept error: Too many open files (os error 24)
[2026-02-02--00-56-26 INFO parity_ws::io] Accepted a new tcp connection from 127.0.0.1:54644.
[2026-02-02--00-56-34 INFO actix_server::worker] shutting down idle worker
[2026-02-02--00-56-34 INFO actix_server::worker] shutting down idle worker
[2026-02-02--00-56-34 INFO actix_server::worker] shutting down idle worker
[2026-02-02--00-56-34 INFO actix_server::accept] accept thread stopped
[2026-02-02--00-56-34 INFO actix_server::worker] shutting down idle worker
[2026-02-02--00-56-34 INFO actix_server::worker] shutting down idle worker
