[2026-02-05--01-55-37 INFO actix_server::builder] starting 5 workers
[2026-02-05--01-55-37 INFO actix_server::server] Tokio runtime found; starting in existing Tokio runtime
[2026-02-05--01-55-37 INFO actix_server::server] starting service: "actix-web-service-127.0.0.1:18488", workers: 5, listening on: 127.0.0.1:18488
[2026-02-05--01-55-37 INFO parity_ws] Listening for new connections on 127.0.0.1:8900.
[2026-02-05--01-56-14 INFO parity_ws::io] Accepted a new tcp connection from 127.0.0.1:59946.
[2026-02-05--01-56-24 ERROR hyper::server::tcp] accept error: Too many open files (os error 24)
[2026-02-05--01-56-33 ERROR hyper::server::tcp] accept error: Too many open files (os error 24)
[2026-02-05--01-56-34 ERROR hyper::server::tcp] accept error: Too many open files (os error 24)
[2026-02-05--01-56-35 ERROR hyper::server::tcp] accept error: Too many open files (os error 24)
[2026-02-05--01-56-36 ERROR hyper::server::tcp] accept error: Too many open files (os error 24)
[2026-02-05--01-56-37 ERROR hyper::server::tcp] accept error: Too many open files (os error 24)
[2026-02-05--01-56-38 ERROR hyper::server::tcp] accept error: Too many open files (os error 24)
[2026-02-04--20-26-39 ERROR hyper::server::tcp] accept error: Too many open files (os error 24)
[2026-02-04--20-26-40 ERROR hyper::server::tcp] accept error: Too many open files (os error 24)
[2026-02-04--20-26-41 ERROR hyper::server::tcp] accept error: Too many open files (os error 24)
[2026-02-04--20-26-42 ERROR hyper::server::tcp] accept error: Too many open files (os error 24)
[2026-02-04--20-26-43 ERROR hyper::server::tcp] accept error: Too many open files (os error 24)
[2026-02-05--01-56-44 ERROR hyper::server::tcp] accept error: Too many open files (os error 24)
[2026-02-05--01-56-45 ERROR hyper::server::tcp] accept error: Too many open files (os error 24)
[2026-02-04--20-26-46 ERROR hyper::server::tcp] accept error: Too many open files (os error 24)
[2026-02-04--20-26-47 ERROR hyper::server::tcp] accept error: Too many open files (os error 24)
[2026-02-04--20-26-48 ERROR hyper::server::tcp] accept error: Too many open files (os error 24)
[2026-02-04--20-26-49 ERROR hyper::server::tcp] accept error: Too many open files (os error 24)
[2026-02-04--20-26-50 ERROR hyper::server::tcp] accept error: Too many open files (os error 24)
[2026-02-04--20-26-51 ERROR hyper::server::tcp] accept error: Too many open files (os error 24)
[2026-02-04--20-26-52 ERROR hyper::server::tcp] accept error: Too many open files (os error 24)
[2026-02-04--20-26-53 ERROR hyper::server::tcp] accept error: Too many open files (os error 24)
[2026-02-05--01-56-54 ERROR hyper::server::tcp] accept error: Too many open files (os error 24)
[2026-02-04--20-26-55 ERROR hyper::server::tcp] accept error: Too many open files (os error 24)
[2026-02-04--20-26-56 ERROR hyper::server::tcp] accept error: Too many open files (os error 24)
[2026-02-04--20-26-57 ERROR hyper::server::tcp] accept error: Too many open files (os error 24)
[2026-02-04--20-26-58 ERROR hyper::server::tcp] accept error: Too many open files (os error 24)
[2026-02-04--20-26-59 ERROR hyper::server::tcp] accept error: Too many open files (os error 24)
[2026-02-05--01-57-00 ERROR hyper::server::tcp] accept error: Too many open files (os error 24)
[2026-02-04--20-27-01 ERROR hyper::server::tcp] accept error: Too many open files (os error 24)
[2026-02-04--20-27-02 ERROR hyper::server::tcp] accept error: Too many open files (os error 24)
[2026-02-04--20-27-03 ERROR hyper::server::tcp] accept error: Too many open files (os error 24)
[2026-02-04--20-27-04 ERROR hyper::server::tcp] accept error: Too many open files (os error 24)
[2026-02-05--01-57-05 ERROR hyper::server::tcp] accept error: Too many open files (os error 24)
[2026-02-04--20-27-06 ERROR hyper::server::tcp] accept error: Too many open files (os error 24)
[2026-02-04--20-27-07 ERROR hyper::server::tcp] accept error: Too many open files (os error 24)
[2026-02-04--20-27-08 ERROR hyper::server::tcp] accept error: Too many open files (os error 24)
[2026-02-04--20-27-09 ERROR hyper::server::tcp] accept error: Too many open files (os error 24)
[2026-02-04--20-27-10 ERROR hyper::server::tcp] accept error: Too many open files (os error 24)
[2026-02-04--20-27-11 ERROR hyper::server::tcp] accept error: Too many open files (os error 24)
[2026-02-04--20-27-12 ERROR hyper::server::tcp] accept error: Too many open files (os error 24)
[2026-02-05--01-57-49 INFO parity_ws::io] Accepted a new tcp connection from 127.0.0.1:60451.
[2026-02-05--01-59-31 INFO parity_ws::io] Accepted a new tcp connection from 127.0.0.1:60621.
[2026-02-04--20-29-44 ERROR hyper::server::tcp] accept error: Too many open files (os error 24)
[2026-02-04--20-29-49 ERROR hyper::server::tcp] accept error: Too many open files (os error 24)
[2026-02-04--20-29-51 ERROR hyper::server::tcp] accept error: Too many open files (os error 24)
[2026-02-04--20-29-54 ERROR hyper::server::tcp] accept error: Too many open files (os error 24)
[2026-02-04--20-29-55 ERROR hyper::server::tcp] accept error: Too many open files (os error 24)
[2026-02-04--20-29-56 ERROR hyper::server::tcp] accept error: Too many open files (os error 24)
[2026-02-04--20-29-57 ERROR hyper::server::tcp] accept error: Too many open files (os error 24)
[2026-02-04--20-29-58 ERROR hyper::server::tcp] accept error: Too many open files (os error 24)
[2026-02-04--20-29-59 ERROR hyper::server::tcp] accept error: Too many open files (os error 24)
[2026-02-04--20-30-00 ERROR hyper::server::tcp] accept error: Too many open files (os error 24)
[2026-02-04--20-30-01 ERROR hyper::server::tcp] accept error: Too many open files (os error 24)
[2026-02-04--20-30-02 ERROR hyper::server::tcp] accept error: Too many open files (os error 24)
[2026-02-04--20-30-03 ERROR hyper::server::tcp] accept error: Too many open files (os error 24)
[2026-02-04--20-30-04 ERROR hyper::server::tcp] accept error: Too many open files (os error 24)
[2026-02-04--20-30-05 ERROR hyper::server::tcp] accept error: Too many open files (os error 24)
[2026-02-04--20-30-06 ERROR hyper::server::tcp] accept error: Too many open files (os error 24)
[2026-02-04--20-30-07 ERROR hyper::server::tcp] accept error: Too many open files (os error 24)
[2026-02-04--20-30-08 ERROR hyper::server::tcp] accept error: Too many open files (os error 24)
[2026-02-04--20-30-09 ERROR hyper::server::tcp] accept error: Too many open files (os error 24)
[2026-02-04--20-30-10 ERROR hyper::server::tcp] accept error: Too many open files (os error 24)
[2026-02-04--20-30-11 ERROR hyper::server::tcp] accept error: Too many open files (os error 24)
[2026-02-04--20-30-12 ERROR hyper::server::tcp] accept error: Too many open files (os error 24)
[2026-02-04--20-30-13 ERROR hyper::server::tcp] accept error: Too many open files (os error 24)
[2026-02-04--20-30-14 ERROR hyper::server::tcp] accept error: Too many open files (os error 24)
[2026-02-04--20-30-15 ERROR hyper::server::tcp] accept error: Too many open files (os error 24)
[2026-02-04--20-30-16 ERROR hyper::server::tcp] accept error: Too many open files (os error 24)
[2026-02-04--20-30-17 ERROR hyper::server::tcp] accept error: Too many open files (os error 24)
[2026-02-04--20-30-18 ERROR hyper::server::tcp] accept error: Too many open files (os error 24)
[2026-02-04--20-30-19 ERROR hyper::server::tcp] accept error: Too many open files (os error 24)
[2026-02-04--20-30-20 ERROR hyper::server::tcp] accept error: Too many open files (os error 24)
[2026-02-04--20-30-21 ERROR hyper::server::tcp] accept error: Too many open files (os error 24)
[2026-02-04--20-30-22 ERROR hyper::server::tcp] accept error: Too many open files (os error 24)
[2026-02-04--20-30-23 ERROR hyper::server::tcp] accept error: Too many open files (os error 24)
[2026-02-04--20-30-24 ERROR hyper::server::tcp] accept error: Too many open files (os error 24)
[2026-02-04--20-30-25 ERROR hyper::server::tcp] accept error: Too many open files (os error 24)
[2026-02-04--20-30-26 ERROR hyper::server::tcp] accept error: Too many open files (os error 24)
[2026-02-04--20-30-27 ERROR hyper::server::tcp] accept error: Too many open files (os error 24)
[2026-02-04--20-30-28 ERROR hyper::server::tcp] accept error: Too many open files (os error 24)
[2026-02-04--20-30-29 ERROR hyper::server::tcp] accept error: Too many open files (os error 24)
[2026-02-05--02-01-03 INFO parity_ws::io] Accepted a new tcp connection from 127.0.0.1:61122.
[2026-02-05--02-01-05 INFO parity_ws::io] Accepted a new tcp connection from 127.0.0.1:61136.
[2026-02-05--02-01-05 INFO parity_ws::io] Accepted a new tcp connection from 127.0.0.1:61139.
[2026-02-05--02-03-40 INFO parity_ws::io] Accepted a new tcp connection from 127.0.0.1:61495.
[2026-02-04--20-34-00 ERROR hyper::server::tcp] accept error: Too many open files (os error 24)
[2026-02-04--20-34-01 ERROR hyper::server::tcp] accept error: Too many open files (os error 24)
[2026-02-04--20-34-02 ERROR hyper::server::tcp] accept error: Too many open files (os error 24)
[2026-02-04--20-34-03 ERROR hyper::server::tcp] accept error: Too many open files (os error 24)
[2026-02-04--20-34-04 ERROR hyper::server::tcp] accept error: Too many open files (os error 24)
[2026-02-04--20-34-05 ERROR hyper::server::tcp] accept error: Too many open files (os error 24)
[2026-02-04--20-34-06 ERROR hyper::server::tcp] accept error: Too many open files (os error 24)
[2026-02-04--20-34-07 ERROR hyper::server::tcp] accept error: Too many open files (os error 24)
[2026-02-04--20-34-08 ERROR hyper::server::tcp] accept error: Too many open files (os error 24)
[2026-02-04--20-34-09 ERROR hyper::server::tcp] accept error: Too many open files (os error 24)
[2026-02-04--20-34-10 ERROR hyper::server::tcp] accept error: Too many open files (os error 24)
[2026-02-04--20-34-11 ERROR hyper::server::tcp] accept error: Too many open files (os error 24)
[2026-02-04--20-34-12 ERROR hyper::server::tcp] accept error: Too many open files (os error 24)
[2026-02-04--20-34-13 ERROR hyper::server::tcp] accept error: Too many open files (os error 24)
[2026-02-04--20-34-14 ERROR hyper::server::tcp] accept error: Too many open files (os error 24)
[2026-02-04--20-34-15 ERROR hyper::server::tcp] accept error: Too many open files (os error 24)
[2026-02-04--20-34-16 ERROR hyper::server::tcp] accept error: Too many open files (os error 24)
[2026-02-04--20-34-17 ERROR hyper::server::tcp] accept error: Too many open files (os error 24)
[2026-02-04--20-34-18 ERROR hyper::server::tcp] accept error: Too many open files (os error 24)
[2026-02-04--20-34-19 ERROR hyper::server::tcp] accept error: Too many open files (os error 24)
[2026-02-04--20-34-20 ERROR hyper::server::tcp] accept error: Too many open files (os error 24)
[2026-02-04--20-34-21 ERROR hyper::server::tcp] accept error: Too many open files (os error 24)
[2026-02-04--20-34-22 ERROR hyper::server::tcp] accept error: Too many open files (os error 24)
[2026-02-04--20-34-23 ERROR hyper::server::tcp] accept error: Too many open files (os error 24)
[2026-02-04--20-34-24 ERROR hyper::server::tcp] accept error: Too many open files (os error 24)
[2026-02-04--20-34-25 ERROR hyper::server::tcp] accept error: Too many open files (os error 24)
[2026-02-04--20-34-26 ERROR hyper::server::tcp] accept error: Too many open files (os error 24)
[2026-02-04--20-34-27 ERROR hyper::server::tcp] accept error: Too many open files (os error 24)
[2026-02-04--20-34-28 ERROR hyper::server::tcp] accept error: Too many open files (os error 24)
[2026-02-04--20-34-29 ERROR hyper::server::tcp] accept error: Too many open files (os error 24)
[2026-02-04--20-34-30 ERROR hyper::server::tcp] accept error: Too many open files (os error 24)
[2026-02-04--20-34-31 ERROR hyper::server::tcp] accept error: Too many open files (os error 24)
[2026-02-04--20-34-32 ERROR hyper::server::tcp] accept error: Too many open files (os error 24)
[2026-02-04--20-34-33 ERROR hyper::server::tcp] accept error: Too many open files (os error 24)
[2026-02-04--20-34-34 ERROR hyper::server::tcp] accept error: Too many open files (os error 24)
[2026-02-04--20-34-35 ERROR hyper::server::tcp] accept error: Too many open files (os error 24)
[2026-02-04--20-34-36 ERROR hyper::server::tcp] accept error: Too many open files (os error 24)
[2026-02-04--20-34-37 ERROR hyper::server::tcp] accept error: Too many open files (os error 24)
[2026-02-04--20-34-38 ERROR hyper::server::tcp] accept error: Too many open files (os error 24)
[2026-02-04--20-34-39 ERROR hyper::server::tcp] accept error: Too many open files (os error 24)
[2026-02-05--02-09-26 INFO parity_ws::io] Accepted a new tcp connection from 127.0.0.1:62215.
[2026-02-05--02-09-49 INFO parity_ws::io] Accepted a new tcp connection from 127.0.0.1:62407.
[2026-02-05--02-09-51 INFO parity_ws::io] Accepted a new tcp connection from 127.0.0.1:62409.
[2026-02-05--02-11-25 INFO actix_server::worker] shutting down idle worker
[2026-02-05--02-11-25 INFO actix_server::worker] shutting down idle worker
[2026-02-05--02-11-25 INFO actix_server::worker] shutting down idle worker
[2026-02-05--02-11-25 INFO actix_server::worker] shutting down idle worker
[2026-02-05--02-11-25 INFO actix_server::worker] shutting down idle worker
[2026-02-05--02-11-25 INFO actix_server::accept] accept thread stopped
