[2026-02-05--02-11-27 INFO actix_server::builder] starting 5 workers
[2026-02-05--02-11-27 INFO actix_server::server] Tokio runtime found; starting in existing Tokio runtime
[2026-02-05--02-11-27 INFO actix_server::server] starting service: "actix-web-service-127.0.0.1:18488", workers: 5, listening on: 127.0.0.1:18488
[2026-02-05--02-11-27 INFO parity_ws] Listening for new connections on 127.0.0.1:8900.
[2026-02-05--02-13-34 INFO parity_ws::io] Accepted a new tcp connection from 127.0.0.1:62636.
[2026-02-05--02-13-45 ERROR hyper::server::tcp] accept error: Too many open files (os error 24)
[2026-02-05--02-13-47 ERROR hyper::server::tcp] accept error: Too many open files (os error 24)
[2026-02-04--20-43-48 ERROR hyper::server::tcp] accept error: Too many open files (os error 24)
[2026-02-04--20-43-51 ERROR hyper::server::tcp] accept error: Too many open files (os error 24)
[2026-02-04--20-43-52 ERROR hyper::server::tcp] accept error: Too many open files (os error 24)
[2026-02-05--02-13-53 ERROR hyper::server::tcp] accept error: Too many open files (os error 24)
[2026-02-05--02-13-54 ERROR hyper::server::tcp] accept error: Too many open files (os error 24)
[2026-02-04--20-43-55 ERROR hyper::server::tcp] accept error: Too many open files (os error 24)
[2026-02-05--02-13-56 ERROR hyper::server::tcp] accept error: Too many open files (os error 24)
[2026-02-04--20-43-57 ERROR hyper::server::tcp] accept error: Too many open files (os error 24)
[2026-02-04--20-43-58 ERROR hyper::server::tcp] accept error: Too many open files (os error 24)
[2026-02-04--20-43-59 ERROR hyper::server::tcp] accept error: Too many open files (os error 24)
[2026-02-05--02-14-00 ERROR hyper::server::tcp] accept error: Too many open files (os error 24)
[2026-02-04--20-44-01 ERROR hyper::server::tcp] accept error: Too many open files (os error 24)
[2026-02-04--20-44-02 ERROR hyper::server::tcp] accept error: Too many open files (os error 24)
[2026-02-05--02-14-03 ERROR hyper::server::tcp] accept error: Too many open files (os error 24)
[2026-02-04--20-44-04 ERROR hyper::server::tcp] accept error: Too many open files (os error 24)
[2026-02-05--02-14-05 ERROR hyper::server::tcp] accept error: Too many open files (os error 24)
[2026-02-04--20-44-06 ERROR hyper::server::tcp] accept error: Too many open files (os error 24)
[2026-02-05--02-14-07 ERROR hyper::server::tcp] accept error: Too many open files (os error 24)
[2026-02-04--20-44-08 ERROR hyper::server::tcp] accept error: Too many open files (os error 24)
[2026-02-05--02-14-09 ERROR hyper::server::tcp] accept error: Too many open files (os error 24)
[2026-02-04--20-44-10 ERROR hyper::server::tcp] accept error: Too many open files (os error 24)
[2026-02-04--20-44-11 ERROR hyper::server::tcp] accept error: Too many open files (os error 24)
[2026-02-04--20-44-12 ERROR hyper::server::tcp] accept error: Too many open files (os error 24)
[2026-02-05--02-14-13 ERROR hyper::server::tcp] accept error: Too many open files (os error 24)
[2026-02-04--20-44-14 ERROR hyper::server::tcp] accept error: Too many open files (os error 24)
[2026-02-04--20-44-15 ERROR hyper::server::tcp] accept error: Too many open files (os error 24)
[2026-02-04--20-44-16 ERROR hyper::server::tcp] accept error: Too many open files (os error 24)
[2026-02-04--20-44-17 ERROR hyper::server::tcp] accept error: Too many open files (os error 24)
[2026-02-04--20-44-18 ERROR hyper::server::tcp] accept error: Too many open files (os error 24)
[2026-02-04--20-44-19 ERROR hyper::server::tcp] accept error: Too many open files (os error 24)
[2026-02-04--20-44-20 ERROR hyper::server::tcp] accept error: Too many open files (os error 24)
[2026-02-04--20-44-21 ERROR hyper::server::tcp] accept error: Too many open files (os error 24)
[2026-02-04--20-44-22 ERROR hyper::server::tcp] accept error: Too many open files (os error 24)
[2026-02-04--20-44-23 ERROR hyper::server::tcp] accept error: Too many open files (os error 24)
[2026-02-05--02-14-24 ERROR hyper::server::tcp] accept error: Too many open files (os error 24)
[2026-02-04--20-44-25 ERROR hyper::server::tcp] accept error: Too many open files (os error 24)
[2026-02-04--20-44-26 ERROR hyper::server::tcp] accept error: Too many open files (os error 24)
[2026-02-05--02-14-27 ERROR hyper::server::tcp] accept error: Too many open files (os error 24)
[2026-02-04--20-44-28 ERROR hyper::server::tcp] accept error: Too many open files (os error 24)
[2026-02-04--20-44-29 ERROR hyper::server::tcp] accept error: Too many open files (os error 24)
[2026-02-04--20-44-30 ERROR hyper::server::tcp] accept error: Too many open files (os error 24)
[2026-02-04--20-44-31 ERROR hyper::server::tcp] accept error: Too many open files (os error 24)
[2026-02-04--20-44-32 ERROR hyper::server::tcp] accept error: Too many open files (os error 24)
[2026-02-05--02-15-07 INFO parity_ws::io] Accepted a new tcp connection from 127.0.0.1:63021.
[2026-02-06--01-35-17 INFO actix_server::worker] shutting down idle worker
[2026-02-06--01-35-17 INFO actix_server::worker] shutting down idle worker
[2026-02-06--01-35-17 INFO actix_server::worker] shutting down idle worker
[2026-02-06--01-35-17 INFO actix_server::worker] shutting down idle worker
[2026-02-06--01-35-17 INFO actix_server::worker] shutting down idle worker
[2026-02-06--01-35-17 INFO actix_server::accept] accept thread stopped
