[2026-02-06--02-11-40 INFO actix_server::builder] starting 5 workers
[2026-02-06--02-11-40 INFO actix_server::server] Tokio runtime found; starting in existing Tokio runtime
[2026-02-06--02-11-40 INFO actix_server::server] starting service: "actix-web-service-127.0.0.1:18488", workers: 5, listening on: 127.0.0.1:18488
[2026-02-06--02-11-40 INFO parity_ws] Listening for new connections on 127.0.0.1:8900.
[2026-02-06--02-15-36 INFO parity_ws::io] Accepted a new tcp connection from 127.0.0.1:58352.
[2026-02-05--20-45-47 ERROR hyper::server::tcp] accept error: Too many open files (os error 24)
[2026-02-06--02-15-57 ERROR hyper::server::tcp] accept error: Too many open files (os error 24)
[2026-02-05--20-45-58 ERROR hyper::server::tcp] accept error: Too many open files (os error 24)
[2026-02-05--20-45-59 ERROR hyper::server::tcp] accept error: Too many open files (os error 24)
[2026-02-05--20-46-00 ERROR hyper::server::tcp] accept error: Too many open files (os error 24)
[2026-02-05--20-46-01 ERROR hyper::server::tcp] accept error: Too many open files (os error 24)
[2026-02-05--20-46-02 ERROR hyper::server::tcp] accept error: Too many open files (os error 24)
[2026-02-06--02-16-03 ERROR hyper::server::tcp] accept error: Too many open files (os error 24)
[2026-02-06--02-16-04 ERROR hyper::server::tcp] accept error: Too many open files (os error 24)
[2026-02-05--20-46-05 ERROR hyper::server::tcp] accept error: Too many open files (os error 24)
[2026-02-05--20-46-06 ERROR hyper::server::tcp] accept error: Too many open files (os error 24)
[2026-02-05--20-46-07 ERROR hyper::server::tcp] accept error: Too many open files (os error 24)
[2026-02-05--20-46-08 ERROR hyper::server::tcp] accept error: Too many open files (os error 24)
[2026-02-05--20-46-09 ERROR hyper::server::tcp] accept error: Too many open files (os error 24)
[2026-02-05--20-46-10 ERROR hyper::server::tcp] accept error: Too many open files (os error 24)
[2026-02-06--02-16-11 ERROR hyper::server::tcp] accept error: Too many open files (os error 24)
[2026-02-06--02-16-12 ERROR hyper::server::tcp] accept error: Too many open files (os error 24)
[2026-02-05--20-46-13 ERROR hyper::server::tcp] accept error: Too many open files (os error 24)
[2026-02-05--20-46-14 ERROR hyper::server::tcp] accept error: Too many open files (os error 24)
[2026-02-06--02-16-15 ERROR hyper::server::tcp] accept error: Too many open files (os error 24)
[2026-02-05--20-46-16 ERROR hyper::server::tcp] accept error: Too many open files (os error 24)
[2026-02-05--20-46-17 ERROR hyper::server::tcp] accept error: Too many open files (os error 24)
[2026-02-05--20-46-18 ERROR hyper::server::tcp] accept error: Too many open files (os error 24)
[2026-02-05--20-46-19 ERROR hyper::server::tcp] accept error: Too many open files (os error 24)
[2026-02-05--20-46-20 ERROR hyper::server::tcp] accept error: Too many open files (os error 24)
[2026-02-06--02-16-21 ERROR hyper::server::tcp] accept error: Too many open files (os error 24)
[2026-02-05--20-46-22 ERROR hyper::server::tcp] accept error: Too many open files (os error 24)
[2026-02-05--20-46-23 ERROR hyper::server::tcp] accept error: Too many open files (os error 24)
[2026-02-06--02-16-24 ERROR hyper::server::tcp] accept error: Too many open files (os error 24)
[2026-02-06--02-16-25 ERROR hyper::server::tcp] accept error: Too many open files (os error 24)
[2026-02-05--20-46-26 ERROR hyper::server::tcp] accept error: Too many open files (os error 24)
[2026-02-05--20-46-27 ERROR hyper::server::tcp] accept error: Too many open files (os error 24)
[2026-02-06--02-16-28 ERROR hyper::server::tcp] accept error: Too many open files (os error 24)
[2026-02-05--20-46-29 ERROR hyper::server::tcp] accept error: Too many open files (os error 24)
[2026-02-05--20-46-30 ERROR hyper::server::tcp] accept error: Too many open files (os error 24)
[2026-02-05--20-46-31 ERROR hyper::server::tcp] accept error: Too many open files (os error 24)
[2026-02-05--20-46-32 ERROR hyper::server::tcp] accept error: Too many open files (os error 24)
[2026-02-05--20-46-33 ERROR hyper::server::tcp] accept error: Too many open files (os error 24)
[2026-02-05--20-46-34 ERROR hyper::server::tcp] accept error: Too many open files (os error 24)
[2026-02-06--02-17-12 INFO parity_ws::io] Accepted a new tcp connection from 127.0.0.1:59247.
[2026-02-06--02-17-17 INFO parity_ws::io] Accepted a new tcp connection from 127.0.0.1:59279.
[2026-02-06--02-40-31 INFO parity_ws::io] Accepted a new tcp connection from 127.0.0.1:63896.
[2026-02-05--21-10-44 ERROR hyper::server::tcp] accept error: Too many open files (os error 24)
[2026-02-05--21-10-46 ERROR hyper::server::tcp] accept error: Too many open files (os error 24)
[2026-02-05--21-10-47 ERROR hyper::server::tcp] accept error: Too many open files (os error 24)
[2026-02-05--21-10-50 ERROR hyper::server::tcp] accept error: Too many open files (os error 24)
[2026-02-05--21-10-51 ERROR hyper::server::tcp] accept error: Too many open files (os error 24)
[2026-02-05--21-10-52 ERROR hyper::server::tcp] accept error: Too many open files (os error 24)
[2026-02-05--21-10-53 ERROR hyper::server::tcp] accept error: Too many open files (os error 24)
[2026-02-05--21-10-54 ERROR hyper::server::tcp] accept error: Too many open files (os error 24)
[2026-02-05--21-10-55 ERROR hyper::server::tcp] accept error: Too many open files (os error 24)
[2026-02-05--21-10-56 ERROR hyper::server::tcp] accept error: Too many open files (os error 24)
[2026-02-05--21-10-57 ERROR hyper::server::tcp] accept error: Too many open files (os error 24)
[2026-02-05--21-10-58 ERROR hyper::server::tcp] accept error: Too many open files (os error 24)
[2026-02-05--21-10-59 ERROR hyper::server::tcp] accept error: Too many open files (os error 24)
[2026-02-05--21-11-00 ERROR hyper::server::tcp] accept error: Too many open files (os error 24)
[2026-02-05--21-11-01 ERROR hyper::server::tcp] accept error: Too many open files (os error 24)
[2026-02-05--21-11-02 ERROR hyper::server::tcp] accept error: Too many open files (os error 24)
[2026-02-05--21-11-03 ERROR hyper::server::tcp] accept error: Too many open files (os error 24)
[2026-02-05--21-11-04 ERROR hyper::server::tcp] accept error: Too many open files (os error 24)
[2026-02-05--21-11-05 ERROR hyper::server::tcp] accept error: Too many open files (os error 24)
[2026-02-05--21-11-06 ERROR hyper::server::tcp] accept error: Too many open files (os error 24)
[2026-02-05--21-11-07 ERROR hyper::server::tcp] accept error: Too many open files (os error 24)
[2026-02-05--21-11-08 ERROR hyper::server::tcp] accept error: Too many open files (os error 24)
[2026-02-05--21-11-09 ERROR hyper::server::tcp] accept error: Too many open files (os error 24)
[2026-02-05--21-11-10 ERROR hyper::server::tcp] accept error: Too many open files (os error 24)
[2026-02-05--21-11-11 ERROR hyper::server::tcp] accept error: Too many open files (os error 24)
[2026-02-05--21-11-12 ERROR hyper::server::tcp] accept error: Too many open files (os error 24)
[2026-02-05--21-11-13 ERROR hyper::server::tcp] accept error: Too many open files (os error 24)
[2026-02-05--21-11-14 ERROR hyper::server::tcp] accept error: Too many open files (os error 24)
[2026-02-05--21-11-15 ERROR hyper::server::tcp] accept error: Too many open files (os error 24)
[2026-02-05--21-11-16 ERROR hyper::server::tcp] accept error: Too many open files (os error 24)
[2026-02-05--21-11-17 ERROR hyper::server::tcp] accept error: Too many open files (os error 24)
[2026-02-05--21-11-18 ERROR hyper::server::tcp] accept error: Too many open files (os error 24)
[2026-02-05--21-11-19 ERROR hyper::server::tcp] accept error: Too many open files (os error 24)
[2026-02-05--21-11-20 ERROR hyper::server::tcp] accept error: Too many open files (os error 24)
[2026-02-05--21-11-21 ERROR hyper::server::tcp] accept error: Too many open files (os error 24)
[2026-02-05--21-11-22 ERROR hyper::server::tcp] accept error: Too many open files (os error 24)
[2026-02-05--21-11-23 ERROR hyper::server::tcp] accept error: Too many open files (os error 24)
[2026-02-05--21-11-24 ERROR hyper::server::tcp] accept error: Too many open files (os error 24)
[2026-02-05--21-11-25 ERROR hyper::server::tcp] accept error: Too many open files (os error 24)
[2026-02-05--21-11-26 ERROR hyper::server::tcp] accept error: Too many open files (os error 24)
[2026-02-05--21-11-27 ERROR hyper::server::tcp] accept error: Too many open files (os error 24)
[2026-02-05--21-11-28 ERROR hyper::server::tcp] accept error: Too many open files (os error 24)
[2026-02-05--21-11-29 ERROR hyper::server::tcp] accept error: Too many open files (os error 24)
[2026-02-06--02-42-06 INFO parity_ws::io] Accepted a new tcp connection from 127.0.0.1:64308.
[2026-02-06--02-42-09 INFO parity_ws::io] Accepted a new tcp connection from 127.0.0.1:64314.
[2026-02-06--02-49-38 INFO actix_server::accept] accept thread stopped
[2026-02-06--02-49-38 INFO actix_server::worker] shutting down idle worker
[2026-02-06--02-49-38 INFO actix_server::worker] shutting down idle worker
[2026-02-06--02-49-38 INFO actix_server::worker] shutting down idle worker
[2026-02-06--02-49-38 INFO actix_server::worker] shutting down idle worker
[2026-02-06--02-49-38 INFO actix_server::worker] shutting down idle worker
