[2026-02-06--01-35-21 INFO actix_server::builder] starting 5 workers
[2026-02-06--01-35-21 INFO actix_server::server] Tokio runtime found; starting in existing Tokio runtime
[2026-02-06--01-35-21 INFO actix_server::server] starting service: "actix-web-service-127.0.0.1:18488", workers: 5, listening on: 127.0.0.1:18488
[2026-02-06--01-35-22 INFO parity_ws] Listening for new connections on 127.0.0.1:8900.
[2026-02-06--01-35-53 INFO parity_ws::io] Accepted a new tcp connection from 127.0.0.1:59294.
[2026-02-06--01-36-05 ERROR hyper::server::tcp] accept error: Too many open files (os error 24)
[2026-02-05--20-06-08 ERROR hyper::server::tcp] accept error: Too many open files (os error 24)
[2026-02-05--20-06-10 ERROR hyper::server::tcp] accept error: Too many open files (os error 24)
[2026-02-05--20-06-14 ERROR hyper::server::tcp] accept error: Too many open files (os error 24)
[2026-02-06--01-36-15 ERROR hyper::server::tcp] accept error: Too many open files (os error 24)
[2026-02-05--20-06-16 ERROR hyper::server::tcp] accept error: Too many open files (os error 24)
[2026-02-06--01-36-17 ERROR hyper::server::tcp] accept error: Too many open files (os error 24)
[2026-02-05--20-06-18 ERROR hyper::server::tcp] accept error: Too many open files (os error 24)
[2026-02-06--01-36-19 ERROR hyper::server::tcp] accept error: Too many open files (os error 24)
[2026-02-06--01-36-20 ERROR hyper::server::tcp] accept error: Too many open files (os error 24)
[2026-02-05--20-06-21 ERROR hyper::server::tcp] accept error: Too many open files (os error 24)
[2026-02-06--01-36-22 ERROR hyper::server::tcp] accept error: Too many open files (os error 24)
[2026-02-06--01-36-23 ERROR hyper::server::tcp] accept error: Too many open files (os error 24)
[2026-02-06--01-36-24 ERROR hyper::server::tcp] accept error: Too many open files (os error 24)
[2026-02-06--01-36-25 ERROR hyper::server::tcp] accept error: Too many open files (os error 24)
[2026-02-06--01-36-26 ERROR hyper::server::tcp] accept error: Too many open files (os error 24)
[2026-02-06--01-36-27 ERROR hyper::server::tcp] accept error: Too many open files (os error 24)
[2026-02-05--20-06-28 ERROR hyper::server::tcp] accept error: Too many open files (os error 24)
[2026-02-06--01-36-29 ERROR hyper::server::tcp] accept error: Too many open files (os error 24)
[2026-02-06--01-36-30 ERROR hyper::server::tcp] accept error: Too many open files (os error 24)
[2026-02-05--20-06-31 ERROR hyper::server::tcp] accept error: Too many open files (os error 24)
[2026-02-05--20-06-32 ERROR hyper::server::tcp] accept error: Too many open files (os error 24)
[2026-02-05--20-06-33 ERROR hyper::server::tcp] accept error: Too many open files (os error 24)
[2026-02-05--20-06-34 ERROR hyper::server::tcp] accept error: Too many open files (os error 24)
[2026-02-06--01-36-35 ERROR hyper::server::tcp] accept error: Too many open files (os error 24)
[2026-02-06--01-36-36 ERROR hyper::server::tcp] accept error: Too many open files (os error 24)
[2026-02-05--20-06-37 ERROR hyper::server::tcp] accept error: Too many open files (os error 24)
[2026-02-05--20-06-38 ERROR hyper::server::tcp] accept error: Too many open files (os error 24)
[2026-02-05--20-06-39 ERROR hyper::server::tcp] accept error: Too many open files (os error 24)
[2026-02-05--20-06-40 ERROR hyper::server::tcp] accept error: Too many open files (os error 24)
[2026-02-06--01-36-41 ERROR hyper::server::tcp] accept error: Too many open files (os error 24)
[2026-02-06--01-36-42 ERROR hyper::server::tcp] accept error: Too many open files (os error 24)
[2026-02-06--01-36-43 ERROR hyper::server::tcp] accept error: Too many open files (os error 24)
[2026-02-05--20-06-44 ERROR hyper::server::tcp] accept error: Too many open files (os error 24)
[2026-02-06--01-36-45 ERROR hyper::server::tcp] accept error: Too many open files (os error 24)
[2026-02-06--01-36-46 ERROR hyper::server::tcp] accept error: Too many open files (os error 24)
[2026-02-06--01-36-47 ERROR hyper::server::tcp] accept error: Too many open files (os error 24)
[2026-02-06--01-36-48 ERROR hyper::server::tcp] accept error: Too many open files (os error 24)
[2026-02-05--20-06-49 ERROR hyper::server::tcp] accept error: Too many open files (os error 24)
[2026-02-05--20-06-50 ERROR hyper::server::tcp] accept error: Too many open files (os error 24)
[2026-02-05--20-06-51 ERROR hyper::server::tcp] accept error: Too many open files (os error 24)
[2026-02-06--01-58-17 INFO parity_ws::io] Accepted a new tcp connection from 127.0.0.1:51195.
[2026-02-06--01-58-46 INFO parity_ws::io] Accepted a new tcp connection from 127.0.0.1:51411.
[2026-02-06--01-58-49 INFO parity_ws::io] Accepted a new tcp connection from 127.0.0.1:51440.
[2026-02-06--02-01-46 INFO parity_ws::io] Accepted a new tcp connection from 127.0.0.1:52505.
[2026-02-05--20-31-53 ERROR hyper::server::tcp] accept error: Too many open files (os error 24)
[2026-02-05--20-31-55 ERROR hyper::server::tcp] accept error: Too many open files (os error 24)
[2026-02-05--20-32-04 ERROR hyper::server::tcp] accept error: Too many open files (os error 24)
[2026-02-05--20-32-05 ERROR hyper::server::tcp] accept error: Too many open files (os error 24)
[2026-02-05--20-32-06 ERROR hyper::server::tcp] accept error: Too many open files (os error 24)
[2026-02-05--20-32-07 ERROR hyper::server::tcp] accept error: Too many open files (os error 24)
[2026-02-05--20-32-08 ERROR hyper::server::tcp] accept error: Too many open files (os error 24)
[2026-02-05--20-32-09 ERROR hyper::server::tcp] accept error: Too many open files (os error 24)
[2026-02-06--02-02-10 ERROR hyper::server::tcp] accept error: Too many open files (os error 24)
[2026-02-05--20-32-11 ERROR hyper::server::tcp] accept error: Too many open files (os error 24)
[2026-02-05--20-32-12 ERROR hyper::server::tcp] accept error: Too many open files (os error 24)
[2026-02-05--20-32-13 ERROR hyper::server::tcp] accept error: Too many open files (os error 24)
[2026-02-05--20-32-14 ERROR hyper::server::tcp] accept error: Too many open files (os error 24)
[2026-02-06--02-02-15 ERROR hyper::server::tcp] accept error: Too many open files (os error 24)
[2026-02-05--20-32-16 ERROR hyper::server::tcp] accept error: Too many open files (os error 24)
[2026-02-05--20-32-17 ERROR hyper::server::tcp] accept error: Too many open files (os error 24)
[2026-02-05--20-32-18 ERROR hyper::server::tcp] accept error: Too many open files (os error 24)
[2026-02-05--20-32-19 ERROR hyper::server::tcp] accept error: Too many open files (os error 24)
[2026-02-05--20-32-20 ERROR hyper::server::tcp] accept error: Too many open files (os error 24)
[2026-02-06--02-02-21 ERROR hyper::server::tcp] accept error: Too many open files (os error 24)
[2026-02-05--20-32-22 ERROR hyper::server::tcp] accept error: Too many open files (os error 24)
[2026-02-05--20-32-23 ERROR hyper::server::tcp] accept error: Too many open files (os error 24)
[2026-02-06--02-02-24 ERROR hyper::server::tcp] accept error: Too many open files (os error 24)
[2026-02-05--20-32-25 ERROR hyper::server::tcp] accept error: Too many open files (os error 24)
[2026-02-05--20-32-26 ERROR hyper::server::tcp] accept error: Too many open files (os error 24)
[2026-02-05--20-32-27 ERROR hyper::server::tcp] accept error: Too many open files (os error 24)
[2026-02-05--20-32-28 ERROR hyper::server::tcp] accept error: Too many open files (os error 24)
[2026-02-05--20-32-29 ERROR hyper::server::tcp] accept error: Too many open files (os error 24)
[2026-02-05--20-32-30 ERROR hyper::server::tcp] accept error: Too many open files (os error 24)
[2026-02-06--02-02-31 ERROR hyper::server::tcp] accept error: Too many open files (os error 24)
[2026-02-05--20-32-32 ERROR hyper::server::tcp] accept error: Too many open files (os error 24)
[2026-02-06--02-02-33 ERROR hyper::server::tcp] accept error: Too many open files (os error 24)
[2026-02-05--20-32-34 ERROR hyper::server::tcp] accept error: Too many open files (os error 24)
[2026-02-05--20-32-35 ERROR hyper::server::tcp] accept error: Too many open files (os error 24)
[2026-02-05--20-32-36 ERROR hyper::server::tcp] accept error: Too many open files (os error 24)
[2026-02-05--20-32-37 ERROR hyper::server::tcp] accept error: Too many open files (os error 24)
[2026-02-06--02-02-38 ERROR hyper::server::tcp] accept error: Too many open files (os error 24)
[2026-02-05--20-32-39 ERROR hyper::server::tcp] accept error: Too many open files (os error 24)
[2026-02-05--20-32-40 ERROR hyper::server::tcp] accept error: Too many open files (os error 24)
[2026-02-06--02-02-41 ERROR hyper::server::tcp] accept error: Too many open files (os error 24)
[2026-02-05--20-32-42 ERROR hyper::server::tcp] accept error: Too many open files (os error 24)
[2026-02-05--20-32-43 ERROR hyper::server::tcp] accept error: Too many open files (os error 24)
[2026-02-05--20-32-44 ERROR hyper::server::tcp] accept error: Too many open files (os error 24)
[2026-02-06--02-03-23 INFO parity_ws::io] Accepted a new tcp connection from 127.0.0.1:53464.
[2026-02-06--02-03-25 INFO parity_ws::io] Accepted a new tcp connection from 127.0.0.1:53486.
[2026-02-06--02-03-26 INFO parity_ws::io] Accepted a new tcp connection from 127.0.0.1:53495.
[2026-02-06--02-06-37 INFO parity_ws::io] Accepted a new tcp connection from 127.0.0.1:54689.
[2026-02-05--20-36-46 ERROR hyper::server::tcp] accept error: Too many open files (os error 24)
[2026-02-05--20-36-57 ERROR hyper::server::tcp] accept error: Too many open files (os error 24)
[2026-02-05--20-36-58 ERROR hyper::server::tcp] accept error: Too many open files (os error 24)
[2026-02-05--20-36-59 ERROR hyper::server::tcp] accept error: Too many open files (os error 24)
[2026-02-05--20-37-00 ERROR hyper::server::tcp] accept error: Too many open files (os error 24)
[2026-02-05--20-37-01 ERROR hyper::server::tcp] accept error: Too many open files (os error 24)
[2026-02-05--20-37-02 ERROR hyper::server::tcp] accept error: Too many open files (os error 24)
[2026-02-05--20-37-03 ERROR hyper::server::tcp] accept error: Too many open files (os error 24)
[2026-02-05--20-37-04 ERROR hyper::server::tcp] accept error: Too many open files (os error 24)
[2026-02-05--20-37-05 ERROR hyper::server::tcp] accept error: Too many open files (os error 24)
[2026-02-05--20-37-06 ERROR hyper::server::tcp] accept error: Too many open files (os error 24)
[2026-02-05--20-37-07 ERROR hyper::server::tcp] accept error: Too many open files (os error 24)
[2026-02-05--20-37-08 ERROR hyper::server::tcp] accept error: Too many open files (os error 24)
[2026-02-05--20-37-09 ERROR hyper::server::tcp] accept error: Too many open files (os error 24)
[2026-02-05--20-37-10 ERROR hyper::server::tcp] accept error: Too many open files (os error 24)
[2026-02-05--20-37-11 ERROR hyper::server::tcp] accept error: Too many open files (os error 24)
[2026-02-05--20-37-12 ERROR hyper::server::tcp] accept error: Too many open files (os error 24)
[2026-02-05--20-37-13 ERROR hyper::server::tcp] accept error: Too many open files (os error 24)
[2026-02-05--20-37-14 ERROR hyper::server::tcp] accept error: Too many open files (os error 24)
[2026-02-05--20-37-15 ERROR hyper::server::tcp] accept error: Too many open files (os error 24)
[2026-02-05--20-37-16 ERROR hyper::server::tcp] accept error: Too many open files (os error 24)
[2026-02-05--20-37-17 ERROR hyper::server::tcp] accept error: Too many open files (os error 24)
[2026-02-05--20-37-18 ERROR hyper::server::tcp] accept error: Too many open files (os error 24)
[2026-02-05--20-37-19 ERROR hyper::server::tcp] accept error: Too many open files (os error 24)
[2026-02-05--20-37-20 ERROR hyper::server::tcp] accept error: Too many open files (os error 24)
[2026-02-05--20-37-21 ERROR hyper::server::tcp] accept error: Too many open files (os error 24)
[2026-02-05--20-37-22 ERROR hyper::server::tcp] accept error: Too many open files (os error 24)
[2026-02-05--20-37-23 ERROR hyper::server::tcp] accept error: Too many open files (os error 24)
[2026-02-05--20-37-24 ERROR hyper::server::tcp] accept error: Too many open files (os error 24)
[2026-02-05--20-37-25 ERROR hyper::server::tcp] accept error: Too many open files (os error 24)
[2026-02-05--20-37-26 ERROR hyper::server::tcp] accept error: Too many open files (os error 24)
[2026-02-05--20-37-27 ERROR hyper::server::tcp] accept error: Too many open files (os error 24)
[2026-02-05--20-37-28 ERROR hyper::server::tcp] accept error: Too many open files (os error 24)
[2026-02-05--20-37-29 ERROR hyper::server::tcp] accept error: Too many open files (os error 24)
[2026-02-05--20-37-30 ERROR hyper::server::tcp] accept error: Too many open files (os error 24)
[2026-02-05--20-37-31 ERROR hyper::server::tcp] accept error: Too many open files (os error 24)
[2026-02-05--20-37-32 ERROR hyper::server::tcp] accept error: Too many open files (os error 24)
[2026-02-05--20-37-33 ERROR hyper::server::tcp] accept error: Too many open files (os error 24)
[2026-02-05--20-37-34 ERROR hyper::server::tcp] accept error: Too many open files (os error 24)
[2026-02-06--02-08-10 INFO parity_ws::io] Accepted a new tcp connection from 127.0.0.1:55652.
[2026-02-06--02-08-14 INFO parity_ws::io] Accepted a new tcp connection from 127.0.0.1:55682.
[2026-02-06--02-11-39 INFO actix_server::worker] shutting down idle worker
[2026-02-06--02-11-39 INFO actix_server::worker] shutting down idle worker
[2026-02-06--02-11-39 INFO actix_server::worker] shutting down idle worker
[2026-02-06--02-11-39 INFO actix_server::worker] shutting down idle worker
[2026-02-06--02-11-39 INFO actix_server::worker] shutting down idle worker
[2026-02-06--02-11-39 INFO actix_server::accept] accept thread stopped
