[2026-02-06--02-49-39 INFO actix_server::builder] starting 5 workers
[2026-02-06--02-49-39 INFO actix_server::server] Tokio runtime found; starting in existing Tokio runtime
[2026-02-06--02-49-39 INFO actix_server::server] starting service: "actix-web-service-127.0.0.1:18488", workers: 5, listening on: 127.0.0.1:18488
[2026-02-06--02-49-40 INFO parity_ws] Listening for new connections on 127.0.0.1:8900.
[2026-02-06--02-51-51 INFO parity_ws::io] Accepted a new tcp connection from 127.0.0.1:64446.
[2026-02-05--21-21-59 ERROR hyper::server::tcp] accept error: Too many open files (os error 24)
[2026-02-05--21-22-08 ERROR hyper::server::tcp] accept error: Too many open files (os error 24)
[2026-02-05--21-22-09 ERROR hyper::server::tcp] accept error: Too many open files (os error 24)
[2026-02-05--21-22-10 ERROR hyper::server::tcp] accept error: Too many open files (os error 24)
[2026-02-06--02-52-11 ERROR hyper::server::tcp] accept error: Too many open files (os error 24)
[2026-02-06--02-52-12 ERROR hyper::server::tcp] accept error: Too many open files (os error 24)
[2026-02-05--21-22-13 ERROR hyper::server::tcp] accept error: Too many open files (os error 24)
[2026-02-05--21-22-14 ERROR hyper::server::tcp] accept error: Too many open files (os error 24)
[2026-02-05--21-22-15 ERROR hyper::server::tcp] accept error: Too many open files (os error 24)
[2026-02-06--02-52-16 ERROR hyper::server::tcp] accept error: Too many open files (os error 24)
[2026-02-05--21-22-17 ERROR hyper::server::tcp] accept error: Too many open files (os error 24)
[2026-02-05--21-22-18 ERROR hyper::server::tcp] accept error: Too many open files (os error 24)
[2026-02-05--21-22-19 ERROR hyper::server::tcp] accept error: Too many open files (os error 24)
[2026-02-06--02-52-20 ERROR hyper::server::tcp] accept error: Too many open files (os error 24)
[2026-02-05--21-22-21 ERROR hyper::server::tcp] accept error: Too many open files (os error 24)
[2026-02-06--02-52-22 ERROR hyper::server::tcp] accept error: Too many open files (os error 24)
[2026-02-05--21-22-23 ERROR hyper::server::tcp] accept error: Too many open files (os error 24)
[2026-02-05--21-22-24 ERROR hyper::server::tcp] accept error: Too many open files (os error 24)
[2026-02-05--21-22-25 ERROR hyper::server::tcp] accept error: Too many open files (os error 24)
[2026-02-05--21-22-26 ERROR hyper::server::tcp] accept error: Too many open files (os error 24)
[2026-02-05--21-22-27 ERROR hyper::server::tcp] accept error: Too many open files (os error 24)
[2026-02-05--21-22-28 ERROR hyper::server::tcp] accept error: Too many open files (os error 24)
[2026-02-06--02-52-29 ERROR hyper::server::tcp] accept error: Too many open files (os error 24)
[2026-02-05--21-22-30 ERROR hyper::server::tcp] accept error: Too many open files (os error 24)
[2026-02-05--21-22-31 ERROR hyper::server::tcp] accept error: Too many open files (os error 24)
[2026-02-06--02-52-32 ERROR hyper::server::tcp] accept error: Too many open files (os error 24)
[2026-02-05--21-22-33 ERROR hyper::server::tcp] accept error: Too many open files (os error 24)
[2026-02-06--02-52-34 ERROR hyper::server::tcp] accept error: Too many open files (os error 24)
[2026-02-06--02-52-35 ERROR hyper::server::tcp] accept error: Too many open files (os error 24)
[2026-02-05--21-22-36 ERROR hyper::server::tcp] accept error: Too many open files (os error 24)
[2026-02-05--21-22-37 ERROR hyper::server::tcp] accept error: Too many open files (os error 24)
[2026-02-05--21-22-38 ERROR hyper::server::tcp] accept error: Too many open files (os error 24)
[2026-02-06--02-52-39 ERROR hyper::server::tcp] accept error: Too many open files (os error 24)
[2026-02-05--21-22-40 ERROR hyper::server::tcp] accept error: Too many open files (os error 24)
[2026-02-06--02-52-41 ERROR hyper::server::tcp] accept error: Too many open files (os error 24)
[2026-02-06--02-52-42 ERROR hyper::server::tcp] accept error: Too many open files (os error 24)
[2026-02-05--21-22-43 ERROR hyper::server::tcp] accept error: Too many open files (os error 24)
[2026-02-05--21-22-44 ERROR hyper::server::tcp] accept error: Too many open files (os error 24)
[2026-02-05--21-22-45 ERROR hyper::server::tcp] accept error: Too many open files (os error 24)
[2026-02-05--21-22-46 ERROR hyper::server::tcp] accept error: Too many open files (os error 24)
[2026-02-05--21-22-47 ERROR hyper::server::tcp] accept error: Too many open files (os error 24)
[2026-02-06--02-53-24 INFO parity_ws::io] Accepted a new tcp connection from 127.0.0.1:64748.
[2026-02-06--02-53-27 INFO parity_ws::io] Accepted a new tcp connection from 127.0.0.1:64751.
[2026-02-06--02-53-59 INFO parity_ws::io] Accepted a new tcp connection from 127.0.0.1:64760.
[2026-02-05--21-24-10 ERROR hyper::server::tcp] accept error: Too many open files (os error 24)
[2026-02-05--21-24-20 ERROR hyper::server::tcp] accept error: Too many open files (os error 24)
[2026-02-05--21-24-21 ERROR hyper::server::tcp] accept error: Too many open files (os error 24)
[2026-02-05--21-24-22 ERROR hyper::server::tcp] accept error: Too many open files (os error 24)
[2026-02-05--21-24-23 ERROR hyper::server::tcp] accept error: Too many open files (os error 24)
[2026-02-05--21-24-24 ERROR hyper::server::tcp] accept error: Too many open files (os error 24)
[2026-02-05--21-24-25 ERROR hyper::server::tcp] accept error: Too many open files (os error 24)
[2026-02-05--21-24-26 ERROR hyper::server::tcp] accept error: Too many open files (os error 24)
[2026-02-05--21-24-27 ERROR hyper::server::tcp] accept error: Too many open files (os error 24)
[2026-02-05--21-24-28 ERROR hyper::server::tcp] accept error: Too many open files (os error 24)
[2026-02-05--21-24-29 ERROR hyper::server::tcp] accept error: Too many open files (os error 24)
[2026-02-05--21-24-30 ERROR hyper::server::tcp] accept error: Too many open files (os error 24)
[2026-02-05--21-24-31 ERROR hyper::server::tcp] accept error: Too many open files (os error 24)
[2026-02-05--21-24-32 ERROR hyper::server::tcp] accept error: Too many open files (os error 24)
[2026-02-05--21-24-33 ERROR hyper::server::tcp] accept error: Too many open files (os error 24)
[2026-02-05--21-24-34 ERROR hyper::server::tcp] accept error: Too many open files (os error 24)
[2026-02-05--21-24-35 ERROR hyper::server::tcp] accept error: Too many open files (os error 24)
[2026-02-05--21-24-36 ERROR hyper::server::tcp] accept error: Too many open files (os error 24)
[2026-02-05--21-24-37 ERROR hyper::server::tcp] accept error: Too many open files (os error 24)
[2026-02-05--21-24-38 ERROR hyper::server::tcp] accept error: Too many open files (os error 24)
[2026-02-05--21-24-39 ERROR hyper::server::tcp] accept error: Too many open files (os error 24)
[2026-02-05--21-24-40 ERROR hyper::server::tcp] accept error: Too many open files (os error 24)
[2026-02-05--21-24-41 ERROR hyper::server::tcp] accept error: Too many open files (os error 24)
[2026-02-05--21-24-42 ERROR hyper::server::tcp] accept error: Too many open files (os error 24)
[2026-02-05--21-24-43 ERROR hyper::server::tcp] accept error: Too many open files (os error 24)
[2026-02-05--21-24-44 ERROR hyper::server::tcp] accept error: Too many open files (os error 24)
[2026-02-05--21-24-45 ERROR hyper::server::tcp] accept error: Too many open files (os error 24)
[2026-02-05--21-24-46 ERROR hyper::server::tcp] accept error: Too many open files (os error 24)
[2026-02-05--21-24-47 ERROR hyper::server::tcp] accept error: Too many open files (os error 24)
[2026-02-05--21-24-48 ERROR hyper::server::tcp] accept error: Too many open files (os error 24)
[2026-02-05--21-24-49 ERROR hyper::server::tcp] accept error: Too many open files (os error 24)
[2026-02-05--21-24-50 ERROR hyper::server::tcp] accept error: Too many open files (os error 24)
[2026-02-05--21-24-51 ERROR hyper::server::tcp] accept error: Too many open files (os error 24)
[2026-02-05--21-24-52 ERROR hyper::server::tcp] accept error: Too many open files (os error 24)
[2026-02-05--21-24-53 ERROR hyper::server::tcp] accept error: Too many open files (os error 24)
[2026-02-05--21-24-54 ERROR hyper::server::tcp] accept error: Too many open files (os error 24)
[2026-02-05--21-24-55 ERROR hyper::server::tcp] accept error: Too many open files (os error 24)
[2026-02-05--21-24-56 ERROR hyper::server::tcp] accept error: Too many open files (os error 24)
[2026-02-05--21-24-57 ERROR hyper::server::tcp] accept error: Too many open files (os error 24)
[2026-02-06--02-55-33 INFO parity_ws::io] Accepted a new tcp connection from 127.0.0.1:65150.
[2026-02-06--02-55-36 INFO parity_ws::io] Accepted a new tcp connection from 127.0.0.1:65154.
[2026-02-06--02-55-51 INFO actix_server::worker] shutting down idle worker
[2026-02-06--02-55-51 INFO actix_server::accept] accept thread stopped
[2026-02-06--02-55-51 INFO actix_server::worker] shutting down idle worker
[2026-02-06--02-55-51 INFO actix_server::worker] shutting down idle worker
[2026-02-06--02-55-51 INFO actix_server::worker] shutting down idle worker
[2026-02-06--02-55-51 INFO actix_server::worker] shutting down idle worker
