[2026-02-11--15-11-24 INFO actix_server::builder] starting 5 workers
[2026-02-11--15-11-24 INFO actix_server::server] Tokio runtime found; starting in existing Tokio runtime
[2026-02-11--15-11-24 INFO actix_server::server] starting service: "actix-web-service-127.0.0.1:18488", workers: 5, listening on: 127.0.0.1:18488
[2026-02-11--15-11-24 INFO parity_ws] Listening for new connections on 127.0.0.1:8900.
[2026-02-11--15-11-26 INFO txtx::svm::deploy_program] [Recovery Instructions] - An ephemeral authority account will be created and funded to write to the buffer account.
[2026-02-11--15-11-26 INFO txtx::svm::deploy_program] [Recovery Instructions] - Please save the following information in case the deployment fails and the account needs to be recovered:
[2026-02-11--15-11-26 INFO txtx::svm::deploy_program] [Recovery Instructions] - Ephemeral authority public key: 4WoKnWEPb6xeifX2D9mt2TmqM8o5GSSvUY9KUvRFqD1x
[2026-02-11--15-11-26 INFO txtx::svm::deploy_program] [Recovery Instructions] - Ephemeral authority secret key: [15, 11, 159, 142, 156, 17, 192, 129, 113, 230, 193, 243, 157, 77, 199, 78, 115, 170, 125, 52, 99, 53, 151, 0, 16, 8, 30, 65, 216, 94, 221, 213, 52, 53, 72, 102, 74, 9, 108, 14, 237, 202, 101, 39, 99, 251, 142, 10, 225, 212, 38, 246, 80, 13, 226, 253, 68, 152, 242, 49, 226, 19, 208, 7]
[2026-02-11--15-11-26 INFO txtx::svm::deploy_program] Account Created - Ephemeral authority account created and funded to write to buffer
[2026-02-11--15-11-26 INFO txtx::svm::deploy_program] [Recovery Instructions] - Creating program buffer account at pubkey 9wudBW6BGmJ7Jqp5MFevbQzTtChLjjDARMB4hQcUwZCs
[2026-02-11--15-11-26 INFO txtx::svm::deploy_program] Account Created - Program buffer account created
[2026-02-11--15-11-31 INFO txtx::svm::deploy_program] Buffer Ready - Writing to buffer account is complete
[2026-02-11--15-11-32 INFO txtx::svm::deploy_program] Program Created - Program CNRXEjzgNZ5NKQUuLcLuoSQzNC2B9ZcQTTb36hNtGTwb has been deployed
[2026-02-11--15-11-33 INFO txtx::svm::deploy_program] Complete - Ephemeral authority account closed and leftover funds returned to payer
[2026-02-11--15-11-40 INFO parity_ws::io] Accepted a new tcp connection from 127.0.0.1:62949.
[2026-02-11--09-41-49 ERROR hyper::server::tcp] accept error: Too many open files (os error 24)
[2026-02-11--09-41-52 ERROR hyper::server::tcp] accept error: Too many open files (os error 24)
[2026-02-11--09-41-54 ERROR hyper::server::tcp] accept error: Too many open files (os error 24)
[2026-02-11--09-41-58 ERROR hyper::server::tcp] accept error: Too many open files (os error 24)
[2026-02-11--09-41-59 ERROR hyper::server::tcp] accept error: Too many open files (os error 24)
[2026-02-11--09-42-00 ERROR hyper::server::tcp] accept error: Too many open files (os error 24)
[2026-02-11--09-42-01 ERROR hyper::server::tcp] accept error: Too many open files (os error 24)
[2026-02-11--09-42-02 ERROR hyper::server::tcp] accept error: Too many open files (os error 24)
[2026-02-11--09-42-03 ERROR hyper::server::tcp] accept error: Too many open files (os error 24)
[2026-02-11--09-42-04 ERROR hyper::server::tcp] accept error: Too many open files (os error 24)
[2026-02-11--09-42-05 ERROR hyper::server::tcp] accept error: Too many open files (os error 24)
[2026-02-11--09-42-06 ERROR hyper::server::tcp] accept error: Too many open files (os error 24)
[2026-02-11--09-42-07 ERROR hyper::server::tcp] accept error: Too many open files (os error 24)
[2026-02-11--09-42-08 ERROR hyper::server::tcp] accept error: Too many open files (os error 24)
[2026-02-11--09-42-09 ERROR hyper::server::tcp] accept error: Too many open files (os error 24)
[2026-02-11--09-42-10 ERROR hyper::server::tcp] accept error: Too many open files (os error 24)
[2026-02-11--09-42-11 ERROR hyper::server::tcp] accept error: Too many open files (os error 24)
[2026-02-11--09-42-12 ERROR hyper::server::tcp] accept error: Too many open files (os error 24)
[2026-02-11--09-42-13 ERROR hyper::server::tcp] accept error: Too many open files (os error 24)
[2026-02-11--09-42-14 ERROR hyper::server::tcp] accept error: Too many open files (os error 24)
[2026-02-11--09-42-15 ERROR hyper::server::tcp] accept error: Too many open files (os error 24)
[2026-02-11--09-42-16 ERROR hyper::server::tcp] accept error: Too many open files (os error 24)
[2026-02-11--09-42-17 ERROR hyper::server::tcp] accept error: Too many open files (os error 24)
[2026-02-11--09-42-18 ERROR hyper::server::tcp] accept error: Too many open files (os error 24)
[2026-02-11--09-42-19 ERROR hyper::server::tcp] accept error: Too many open files (os error 24)
[2026-02-11--09-42-20 ERROR hyper::server::tcp] accept error: Too many open files (os error 24)
[2026-02-11--09-42-21 ERROR hyper::server::tcp] accept error: Too many open files (os error 24)
[2026-02-11--09-42-22 ERROR hyper::server::tcp] accept error: Too many open files (os error 24)
[2026-02-11--09-42-23 ERROR hyper::server::tcp] accept error: Too many open files (os error 24)
[2026-02-11--09-42-24 ERROR hyper::server::tcp] accept error: Too many open files (os error 24)
[2026-02-11--09-42-25 ERROR hyper::server::tcp] accept error: Too many open files (os error 24)
[2026-02-11--09-42-26 ERROR hyper::server::tcp] accept error: Too many open files (os error 24)
[2026-02-11--09-42-27 ERROR hyper::server::tcp] accept error: Too many open files (os error 24)
[2026-02-11--09-42-28 ERROR hyper::server::tcp] accept error: Too many open files (os error 24)
[2026-02-11--09-42-29 ERROR hyper::server::tcp] accept error: Too many open files (os error 24)
[2026-02-11--09-42-30 ERROR hyper::server::tcp] accept error: Too many open files (os error 24)
[2026-02-11--09-42-31 ERROR hyper::server::tcp] accept error: Too many open files (os error 24)
[2026-02-11--09-42-32 ERROR hyper::server::tcp] accept error: Too many open files (os error 24)
[2026-02-11--09-42-33 ERROR hyper::server::tcp] accept error: Too many open files (os error 24)
[2026-02-11--09-42-34 ERROR hyper::server::tcp] accept error: Too many open files (os error 24)
[2026-02-11--09-42-35 ERROR hyper::server::tcp] accept error: Too many open files (os error 24)
[2026-02-11--09-42-36 ERROR hyper::server::tcp] accept error: Too many open files (os error 24)
[2026-02-11--09-42-37 ERROR hyper::server::tcp] accept error: Too many open files (os error 24)
[2026-02-11--15-13-12 INFO parity_ws::io] Accepted a new tcp connection from 127.0.0.1:63329.
[2026-02-11--15-13-15 INFO parity_ws::io] Accepted a new tcp connection from 127.0.0.1:63334.
[2026-02-11--15-13-29 INFO actix_server::worker] shutting down idle worker
[2026-02-11--15-13-29 INFO actix_server::worker] shutting down idle worker
[2026-02-11--15-13-29 INFO actix_server::worker] shutting down idle worker
[2026-02-11--15-13-29 INFO actix_server::worker] shutting down idle worker
[2026-02-11--15-13-29 INFO actix_server::accept] accept thread stopped
[2026-02-11--15-13-29 INFO actix_server::worker] shutting down idle worker
